<?xml version="1.0" encoding="UTF-8"?>
<!-- Generated by org.testng.reporters.JUnitXMLReporter -->
<testsuite ignored="0" hostname="vijayji1137" failures="0" tests="7" name="Test" time="153.059" errors="0" timestamp="2023-05-25T00:19:01 IST">
  <testcase classname="Project.project" name="Startup" time="26.865"/>
  <testcase classname="Project.project" name="Bookings" time="16.573"/>
  <testcase classname="Project.project" name="Callus" time="20.869"/>
  <testcase classname="Project.project" name="AboutUS" time="18.217"/>
  <testcase classname="Project.project" name="Info_Center" time="13.987"/>
  <testcase classname="Project.project" name="Profile" time="9.785"/>
  <testcase classname="Project.project" name="Language_Change" time="20.605"/>
</testsuite> <!-- Test -->
