<?xml version="1.0" encoding="UTF-8"?>
<testng-results ignored="0" total="7" passed="7" failed="0" skipped="0">
  <reporter-output>
  </reporter-output>
  <suite started-at="2023-05-29T17:16:56 IST" name="Default suite" finished-at="2023-05-29T17:19:51 IST" duration-ms="175300">
    <groups>
    </groups>
    <test started-at="2023-05-29T17:16:56 IST" name="Default test" finished-at="2023-05-29T17:19:51 IST" duration-ms="175300">
      <class name="Project.project">
        <test-method is-config="true" signature="setup()[pri:0, instance:Project.project@77f1baf5]" started-at="2023-05-29T17:16:56 IST" name="setup" finished-at="2023-05-29T17:17:49 IST" duration-ms="53359" status="PASS">
          <reporter-output>
          </reporter-output>
        </test-method> <!-- setup -->
        <test-method signature="Startup()[pri:0, instance:Project.project@77f1baf5]" started-at="2023-05-29T17:17:49 IST" name="Startup" finished-at="2023-05-29T17:18:18 IST" duration-ms="28650" status="PASS">
          <reporter-output>
          </reporter-output>
        </test-method> <!-- Startup -->
        <test-method signature="Bookings()[pri:1, instance:Project.project@77f1baf5]" started-at="2023-05-29T17:18:18 IST" name="Bookings" finished-at="2023-05-29T17:18:30 IST" duration-ms="12185" status="PASS">
          <reporter-output>
          </reporter-output>
        </test-method> <!-- Bookings -->
        <test-method signature="Callus()[pri:2, instance:Project.project@77f1baf5]" started-at="2023-05-29T17:18:30 IST" name="Callus" finished-at="2023-05-29T17:18:50 IST" duration-ms="19690" status="PASS">
          <reporter-output>
          </reporter-output>
        </test-method> <!-- Callus -->
        <test-method signature="AboutUS()[pri:3, instance:Project.project@77f1baf5]" started-at="2023-05-29T17:18:50 IST" name="AboutUS" finished-at="2023-05-29T17:19:10 IST" duration-ms="19964" status="PASS">
          <reporter-output>
          </reporter-output>
        </test-method> <!-- AboutUS -->
        <test-method signature="Info_Center()[pri:4, instance:Project.project@77f1baf5]" started-at="2023-05-29T17:19:10 IST" name="Info_Center" finished-at="2023-05-29T17:19:25 IST" duration-ms="14944" status="PASS">
          <reporter-output>
          </reporter-output>
        </test-method> <!-- Info_Center -->
        <test-method signature="Profile()[pri:5, instance:Project.project@77f1baf5]" started-at="2023-05-29T17:19:25 IST" name="Profile" finished-at="2023-05-29T17:19:33 IST" duration-ms="8649" status="PASS">
          <reporter-output>
          </reporter-output>
        </test-method> <!-- Profile -->
        <test-method signature="Language_Change()[pri:6, instance:Project.project@77f1baf5]" started-at="2023-05-29T17:19:33 IST" name="Language_Change" finished-at="2023-05-29T17:19:51 IST" duration-ms="17736" status="PASS">
          <reporter-output>
          </reporter-output>
        </test-method> <!-- Language_Change -->
      </class> <!-- Project.project -->
    </test> <!-- Default test -->
  </suite> <!-- Default suite -->
</testng-results>
