<?xml version="1.0" encoding="UTF-8"?>
<!-- Generated by org.testng.reporters.JUnitXMLReporter -->
<testsuite ignored="0" hostname="vijayji1137" failures="0" tests="7" name="Default test" time="175.3" errors="0" timestamp="2023-05-29T17:19:51 IST">
  <testcase classname="Project.project" name="Startup" time="28.65"/>
  <testcase classname="Project.project" name="Bookings" time="12.185"/>
  <testcase classname="Project.project" name="Callus" time="19.69"/>
  <testcase classname="Project.project" name="AboutUS" time="19.964"/>
  <testcase classname="Project.project" name="Info_Center" time="14.944"/>
  <testcase classname="Project.project" name="Profile" time="8.649"/>
  <testcase classname="Project.project" name="Language_Change" time="17.736"/>
</testsuite> <!-- Default test -->
